2021-11-16 14:33:37,727 - INFO - init environment start
2021-11-16 14:33:37,727 - INFO - init [Device-1] with priority-3 fininsh
2021-11-16 14:33:37,727 - INFO - init [Device-2] with priority-2 fininsh
2021-11-16 14:33:37,727 - INFO - init [Device-3] with priority-2 fininsh
2021-11-16 14:33:37,727 - INFO - init [Device-4] with priority-1 fininsh
2021-11-16 14:33:37,727 - INFO - init [Device-5] with priority-1 fininsh
2021-11-16 14:33:37,727 - INFO - init [Device-6] with priority-1 fininsh
2021-11-16 14:33:37,727 - INFO - init [Server-1] bandwidth:12.000000 MHZ,maxCpuFrequency: 9.000000 GHZ
2021-11-16 14:33:37,727 - INFO - init environment end
2021-11-16 14:33:38,099 - WARNING - From F:\Anaconda\envs\pytorch\lib\site-packages\tensorflow_core\python\training\rmsprop.py:119: calling Ones.__init__ (from tensorflow.python.ops.init_ops) with dtype is deprecated and will be removed in a future version.
Instructions for updating:
Call initializer instance with the dtype argument instead of passing it to the constructor
2021-11-16 14:33:38,923 - INFO - episode:0 - start
2021-11-16 14:33:38,951 - INFO - episode:0 - Time:1 - [Device-1] totally need process 1081 bits data
2021-11-16 14:33:38,951 - INFO - episode:0 - Time:1 - [Device-2] totally need process 969 bits data
2021-11-16 14:33:38,951 - INFO - episode:0 - Time:1 - [Device-3] totally need process 973 bits data
2021-11-16 14:33:38,951 - INFO - episode:0 - Time:1 - [Device-4] totally need process 946 bits data
2021-11-16 14:33:38,951 - INFO - episode:0 - Time:1 - [Device-5] totally need process 1000 bits data
2021-11-16 14:33:38,951 - INFO - episode:0 - Time:1 - [Device-6] totally need process 884 bits data
2021-11-16 14:33:51,421 - INFO - episode:0 - Time:1 - [Device-1] offload to [Server-1] with action offloadingRate=1.000000
2021-11-16 14:33:51,421 - INFO - episode:0 - Time:1 - [Device-2] offload to [Server-1] with action offloadingRate=1.000000
2021-11-16 14:33:51,421 - INFO - episode:0 - Time:1 - [Device-3] locally process 973.591412 bits data taking 0.478682 ms,1.615553 mj
2021-11-16 14:33:51,421 - INFO - episode:0 - Time:1 - [Device-4] offload to [Server-1] with action offloadingRate=1.000000
2021-11-16 14:33:51,421 - INFO - episode:0 - Time:1 - [Device-5] locally process 1000.000000 bits data taking 0.491667 ms,1.659375 mj
2021-11-16 14:33:51,421 - INFO - episode:0 - Time:1 - [Device-6] offload to [Server-1] with action offloadingRate=1.000000
2021-11-16 14:33:51,421 - INFO - episode:0 - Time:1 - [Server-1] start processing
2021-11-16 14:33:51,421 - INFO - episode:0 - Time:1 - [Device-1] upload to [Server-1] with uploadRate 10489003.015817 bit/s
2021-11-16 14:33:51,421 - INFO - episode:0 - Time:1 - [Device-1] upload to [Server-1] take 0.103081 ms, and 0.103081 mj energy
2021-11-16 14:33:51,421 - INFO - episode:0 - Time:1 - [Device-1] get [Server-1] 3.857143 cpu frequency, so process consume 0.206733 ms
2021-11-16 14:33:51,425 - INFO - episode:0 - Time:1 - [Device-1] total processing consume 0.309814 ms, 0.103081 mj
2021-11-16 14:33:51,425 - INFO - if process on device completely it will need 0.531598 ms, 1.794145 mj
2021-11-16 14:33:51,425 - INFO - episode:0 - Time:1 - [Device-2] upload to [Server-1] with uploadRate 8580001.167529 bit/s
2021-11-16 14:33:51,425 - INFO - episode:0 - Time:1 - [Device-2] upload to [Server-1] take 0.112985 ms, and 0.112985 mj energy
2021-11-16 14:33:51,425 - INFO - episode:0 - Time:1 - [Device-2] get [Server-1] 2.571429 cpu frequency, so process consume 0.278033 ms
2021-11-16 14:33:51,425 - INFO - episode:0 - Time:1 - [Device-2] total processing consume 0.391018 ms, 0.112985 mj
2021-11-16 14:33:51,425 - INFO - if process on device completely it will need 0.476628 ms, 1.608618 mj
2021-11-16 14:33:51,425 - INFO - episode:0 - Time:1 - [Device-4] upload to [Server-1] with uploadRate 5775829.387998 bit/s
2021-11-16 14:33:51,425 - INFO - episode:0 - Time:1 - [Device-4] upload to [Server-1] take 0.163847 ms, and 0.163847 mj energy
2021-11-16 14:33:51,425 - INFO - episode:0 - Time:1 - [Device-4] get [Server-1] 1.285714 cpu frequency, so process consume 0.542838 ms
2021-11-16 14:33:51,425 - INFO - episode:0 - Time:1 - [Device-4] total processing consume 0.706685 ms, 0.163847 mj
2021-11-16 14:33:51,425 - INFO - if process on device completely it will need 0.465290 ms, 1.570352 mj
2021-11-16 14:33:51,425 - INFO - episode:0 - Time:1 - [Device-6] upload to [Server-1] with uploadRate 5775829.387998 bit/s
2021-11-16 14:33:51,425 - INFO - episode:0 - Time:1 - [Device-6] upload to [Server-1] take 0.153211 ms, and 0.153211 mj energy
2021-11-16 14:33:51,425 - INFO - episode:0 - Time:1 - [Device-6] get [Server-1] 1.285714 cpu frequency, so process consume 0.507602 ms
2021-11-16 14:33:51,425 - INFO - episode:0 - Time:1 - [Device-6] total processing consume 0.660813 ms, 0.153211 mj
2021-11-16 14:33:51,425 - INFO - if process on device completely it will need 0.435087 ms, 1.468419 mj
2021-11-16 14:33:51,429 - WARNING - device[4] time error:0.465290 < 0.706685
2021-11-16 14:33:51,429 - WARNING - device[6] time error:0.435087 < 0.660813
2021-11-16 14:33:51,429 - INFO - episode:0 - Time:1- [Device-1] request task {949} bits
2021-11-16 14:33:51,429 - INFO - episode:0 - Time:2 - [Device-1] totally need process 949 bits data
2021-11-16 14:33:51,429 - INFO - episode:0 - Time:1- [Device-2] request task {1031} bits
2021-11-16 14:33:51,429 - INFO - episode:0 - Time:2 - [Device-2] totally need process 1000 bits data
2021-11-16 14:33:51,429 - INFO - episode:0 - Time:1- [Device-3] request task {957} bits
2021-11-16 14:33:51,429 - INFO - episode:0 - Time:2 - [Device-3] totally need process 957 bits data
2021-11-16 14:33:51,429 - INFO - episode:0 - Time:1- [Device-4] request task {1088} bits
2021-11-16 14:33:51,429 - INFO - episode:0 - Time:2 - [Device-4] totally need process 1000 bits data
2021-11-16 14:33:51,429 - INFO - episode:0 - Time:1- [Device-5] request task {944} bits
2021-11-16 14:33:51,429 - INFO - episode:0 - Time:2 - [Device-5] totally need process 987 bits data
2021-11-16 14:33:51,429 - INFO - episode:0 - Time:1- [Device-6] request task {1009} bits
2021-11-16 14:33:51,433 - INFO - episode:0 - Time:2 - [Device-6] totally need process 1000 bits data
